<?xml version="1.0" encoding="UTF-8"?>
<!-- Generated by org.testng.reporters.JUnitReportReporter -->
<testsuite hostname="NitikaWason" failures="0" tests="1" name="test.test1" time="0.009" errors="0" timestamp="2023-04-03T23:55:47 CDT" skipped="0">
  <testcase classname="test.test1" name="helloprint" time="0.009"/>
  <system-out/>
</testsuite> <!-- test.test1 -->
