<?xml version="1.0" encoding="UTF-8"?>
<!-- Generated by org.testng.reporters.JUnitReportReporter -->
<testsuite hostname="NitikaWason" failures="0" tests="1" name="amazonlinksetup.dummycase" time="0.008" errors="0" timestamp="2023-04-04T12:30:37 CDT" skipped="0">
  <testcase classname="amazonlinksetup.dummycase" name="print" time="0.008"/>
  <system-out/>
</testsuite> <!-- amazonlinksetup.dummycase -->
