<?xml version="1.0" encoding="UTF-8"?>
<!-- Generated by org.testng.reporters.JUnitReportReporter -->
<testsuite hostname="NitikaWason" failures="0" tests="1" name="amazonlinksetup.TestCaseAmazon" time="30.755" errors="0" timestamp="2023-04-04T22:04:50 CDT" skipped="0">
  <testcase classname="amazonlinksetup.TestCaseAmazon" name="aamazonsearch" time="30.755"/>
  <system-out/>
</testsuite> <!-- amazonlinksetup.TestCaseAmazon -->
