<?xml version="1.0" encoding="UTF-8"?>
<!-- Generated by org.testng.reporters.JUnitReportReporter -->
<testsuite hostname="NitikaWason" failures="0" tests="1" name="amazonlinksetup.TestCaseAmazon" time="32.526" errors="0" timestamp="2023-06-22T00:07:51 CDT" skipped="0">
  <testcase classname="amazonlinksetup.TestCaseAmazon" name="aamazonsearch" time="32.526"/>
  <system-out/>
</testsuite> <!-- amazonlinksetup.TestCaseAmazon -->
